2024-12-12 20:41:34.585 [INFO] [auth] Configuration loaded successfully
2024-12-12 20:41:34.605 [INFO] [auth] Auth manager initialized in 0 mode
2024-12-12 20:41:34.605 [INFO] [auth] Auth manager initialized in 0 mode
2024-12-12 20:41:34.605 [DEBUG] [auth] Validation request queued for API key: admin_api_key_123
2024-12-12 20:41:34.605 [INFO] [auth] Attempting to reconnect to Redis
2024-12-12 20:41:34.605 [INFO] [auth] Starting validation worker
2024-12-12 20:41:34.605 [INFO] [auth] API key validation successful: admin_api_key_123
2024-12-12 20:41:34.606 [DEBUG] [auth] Validation request queued for API key: invalid_key
2024-12-12 20:41:34.606 [ERROR] [auth] API key validation failed: invalid API key
2024-12-12 20:41:34.607 [INFO] [auth] Shutting down auth manager
2024-12-12 20:41:34.607 [INFO] [auth] Redis state manager stopping
2024-12-12 20:41:34.607 [INFO] [auth] Validation worker stopping
2024-12-12 20:41:34.719 [INFO] [auth] Configuration loaded successfully
2024-12-12 20:41:34.719 [INFO] [auth] Starting Redis connection attempt
2024-12-12 20:41:34.845 [ERROR] [auth] Redis connection failed: dial tcp [::1]:6379: connectex: No connection could be made because the target machine actively refused it.
2024-12-12 20:41:34.845 [WARNING] [auth] Failed to connect to Redis: dial tcp [::1]:6379: connectex: No connection could be made because the target machine actively refused it., falling back to local mode
2024-12-12 20:41:34.845 [INFO] [auth] Auth manager initialized in 0 mode
2024-12-12 20:41:34.845 [INFO] [auth] Auth manager initialized in 0 mode
2024-12-12 20:41:34.845 [INFO] [auth] Starting validation worker
2024-12-12 20:41:34.845 [WARNING] [auth] Redis disconnected (state change from 1), attempt 1, next retry in 0s
2024-12-12 20:41:34.845 [INFO] [auth] Attempting to reconnect to Redis
2024-12-12 20:41:34.845 [INFO] [auth] Starting Redis connection attempt
2024-12-12 20:41:34.938 [ERROR] [auth] Redis connection failed: dial tcp [::1]:6379: connectex: No connection could be made because the target machine actively refused it.
2024-12-12 20:41:34.938 [WARNING] [auth] Redis disconnected (state change from 1), attempt 2, next retry in 2s
2024-12-12 20:41:36.852 [INFO] [auth] Shutting down auth manager
2024-12-12 20:41:36.852 [INFO] [auth] Validation worker stopping
2024-12-12 20:41:36.852 [INFO] [auth] Redis state manager stopping
