{"level":"INFO","ts":"2025-01-06 10:34:43.955","msg":"Creating a new pool with 5 workers","details":{"level":"INFO","message":"Creating a new pool with 5 workers","module":"MainModule","timestamp":"2025-01-06 10:34:43.955"}}
{"level":"INFO","ts":"2025-01-06 10:34:43.956","msg":"Pool created successfully","details":{"level":"INFO","message":"Pool created successfully","module":"MainModule","timestamp":"2025-01-06 10:34:43.956"}}
{"level":"INFO","ts":"2025-01-06 10:34:43.956","msg":"Collector initialized and ready to receive data.","details":{"level":"INFO","message":"Collector initialized and ready to receive data.","module":"MainModule","timestamp":"2025-01-06 10:34:43.956"}}
{"level":"INFO","ts":"2025-01-06 10:34:43.956","msg":"Submitting task 请求resources-8080-1 with priority 3","details":{"level":"INFO","message":"Submitting task 请求resources-8080-1 with priority 3","module":"MainModule","timestamp":"2025-01-06 10:34:43.956"}}
{"level":"INFO","ts":"2025-01-06 10:34:43.956","msg":"Task 请求resources-8080-1 submitted successfully","details":{"level":"INFO","message":"Task 请求resources-8080-1 submitted successfully","module":"MainModule","timestamp":"2025-01-06 10:34:43.956"}}
{"level":"INFO","ts":"2025-01-06 10:34:43.956","msg":"Submitting task 请求resources-8080-2 with priority 3","details":{"level":"INFO","message":"Submitting task 请求resources-8080-2 with priority 3","module":"MainModule","timestamp":"2025-01-06 10:34:43.956"}}
{"level":"INFO","ts":"2025-01-06 10:34:43.956","msg":"Task 请求resources-8080-2 submitted successfully","details":{"level":"INFO","message":"Task 请求resources-8080-2 submitted successfully","module":"MainModule","timestamp":"2025-01-06 10:34:43.956"}}
{"level":"INFO","ts":"2025-01-06 10:34:43.956","msg":"Submitting task 请求resources-8080-3 with priority 3","details":{"level":"INFO","message":"Submitting task 请求resources-8080-3 with priority 3","module":"MainModule","timestamp":"2025-01-06 10:34:43.956"}}
{"level":"INFO","ts":"2025-01-06 10:34:43.956","msg":"Task 请求resources-8080-3 submitted successfully","details":{"level":"INFO","message":"Task 请求resources-8080-3 submitted successfully","module":"MainModule","timestamp":"2025-01-06 10:34:43.956"}}
{"level":"INFO","ts":"2025-01-06 10:34:43.956","msg":"Submitting task 请求resources-8080-4 with priority 3","details":{"level":"INFO","message":"Submitting task 请求resources-8080-4 with priority 3","module":"MainModule","timestamp":"2025-01-06 10:34:43.956"}}
{"level":"INFO","ts":"2025-01-06 10:34:44.973","msg":"Task 请求resources-8080-4 submitted successfully","details":{"level":"INFO","message":"Task 请求resources-8080-4 submitted successfully","module":"MainModule","timestamp":"2025-01-06 10:34:44.973"}}
{"level":"INFO","ts":"2025-01-06 10:34:44.973","msg":"Submitting task 请求resources-8080-5 with priority 3","details":{"level":"INFO","message":"Submitting task 请求resources-8080-5 with priority 3","module":"MainModule","timestamp":"2025-01-06 10:34:44.973"}}
{"level":"INFO","ts":"2025-01-06 10:34:44.973","msg":"Task 请求resources-8080-5 submitted successfully","details":{"level":"INFO","message":"Task 请求resources-8080-5 submitted successfully","module":"MainModule","timestamp":"2025-01-06 10:34:44.973"}}
{"level":"INFO","ts":"2025-01-06 10:34:44.973","msg":"Submitting task 请求resources-8080-6 with priority 3","details":{"level":"INFO","message":"Submitting task 请求resources-8080-6 with priority 3","module":"MainModule","timestamp":"2025-01-06 10:34:44.973"}}
{"level":"INFO","ts":"2025-01-06 10:34:44.973","msg":"Task 请求resources-8080-6 submitted successfully","details":{"level":"INFO","message":"Task 请求resources-8080-6 submitted successfully","module":"MainModule","timestamp":"2025-01-06 10:34:44.973"}}
{"level":"INFO","ts":"2025-01-06 10:34:44.973","msg":"Submitting task 请求resources-8080-7 with priority 3","details":{"level":"INFO","message":"Submitting task 请求resources-8080-7 with priority 3","module":"MainModule","timestamp":"2025-01-06 10:34:44.973"}}
{"level":"INFO","ts":"2025-01-06 10:34:44.973","msg":"Task 请求resources-8080-7 submitted successfully","details":{"level":"INFO","message":"Task 请求resources-8080-7 submitted successfully","module":"MainModule","timestamp":"2025-01-06 10:34:44.973"}}
{"level":"INFO","ts":"2025-01-06 10:34:44.973","msg":"Submitting task 请求resources-8080-8 with priority 3","details":{"level":"INFO","message":"Submitting task 请求resources-8080-8 with priority 3","module":"MainModule","timestamp":"2025-01-06 10:34:44.973"}}
{"level":"INFO","ts":"2025-01-06 10:34:44.974","msg":"Task 请求resources-8080-8 submitted successfully","details":{"level":"INFO","message":"Task 请求resources-8080-8 submitted successfully","module":"MainModule","timestamp":"2025-01-06 10:34:44.974"}}
{"level":"INFO","ts":"2025-01-06 10:34:44.974","msg":"Submitting task 请求resources-8080-9 with priority 3","details":{"level":"INFO","message":"Submitting task 请求resources-8080-9 with priority 3","module":"MainModule","timestamp":"2025-01-06 10:34:44.974"}}
{"level":"INFO","ts":"2025-01-06 10:34:45.979","msg":"Task 请求resources-8080-9 submitted successfully","details":{"level":"INFO","message":"Task 请求resources-8080-9 submitted successfully","module":"MainModule","timestamp":"2025-01-06 10:34:45.979"}}
{"level":"INFO","ts":"2025-01-06 10:34:45.979","msg":"Submitting task 请求resources-8080-10 with priority 3","details":{"level":"INFO","message":"Submitting task 请求resources-8080-10 with priority 3","module":"MainModule","timestamp":"2025-01-06 10:34:45.979"}}
{"level":"INFO","ts":"2025-01-06 10:34:45.979","msg":"Task 请求resources-8080-10 submitted successfully","details":{"level":"INFO","message":"Task 请求resources-8080-10 submitted successfully","module":"MainModule","timestamp":"2025-01-06 10:34:45.979"}}
{"level":"INFO","ts":"2025-01-06 10:34:45.979","msg":"Submitting task 请求resources-8080-11 with priority 3","details":{"level":"INFO","message":"Submitting task 请求resources-8080-11 with priority 3","module":"MainModule","timestamp":"2025-01-06 10:34:45.979"}}
{"level":"INFO","ts":"2025-01-06 10:34:45.979","msg":"Task 请求resources-8080-11 submitted successfully","details":{"level":"INFO","message":"Task 请求resources-8080-11 submitted successfully","module":"MainModule","timestamp":"2025-01-06 10:34:45.979"}}
{"level":"INFO","ts":"2025-01-06 10:34:45.979","msg":"Submitting task 请求resources-8080-12 with priority 3","details":{"level":"INFO","message":"Submitting task 请求resources-8080-12 with priority 3","module":"MainModule","timestamp":"2025-01-06 10:34:45.979"}}
{"level":"INFO","ts":"2025-01-06 10:34:45.979","msg":"Task 请求resources-8080-12 submitted successfully","details":{"level":"INFO","message":"Task 请求resources-8080-12 submitted successfully","module":"MainModule","timestamp":"2025-01-06 10:34:45.979"}}
{"level":"INFO","ts":"2025-01-06 10:34:45.979","msg":"Submitting task 请求resources-8080-13 with priority 3","details":{"level":"INFO","message":"Submitting task 请求resources-8080-13 with priority 3","module":"MainModule","timestamp":"2025-01-06 10:34:45.979"}}
{"level":"INFO","ts":"2025-01-06 10:34:45.979","msg":"Task 请求resources-8080-13 submitted successfully","details":{"level":"INFO","message":"Task 请求resources-8080-13 submitted successfully","module":"MainModule","timestamp":"2025-01-06 10:34:45.979"}}
{"level":"INFO","ts":"2025-01-06 10:34:45.979","msg":"Submitting task 请求resources-8080-14 with priority 3","details":{"level":"INFO","message":"Submitting task 请求resources-8080-14 with priority 3","module":"MainModule","timestamp":"2025-01-06 10:34:45.979"}}
{"level":"INFO","ts":"2025-01-06 10:34:46.985","msg":"Task 请求resources-8080-14 submitted successfully","details":{"level":"INFO","message":"Task 请求resources-8080-14 submitted successfully","module":"MainModule","timestamp":"2025-01-06 10:34:46.985"}}
{"level":"INFO","ts":"2025-01-06 10:34:46.985","msg":"Submitting task 请求resources-8080-15 with priority 3","details":{"level":"INFO","message":"Submitting task 请求resources-8080-15 with priority 3","module":"MainModule","timestamp":"2025-01-06 10:34:46.985"}}
{"level":"INFO","ts":"2025-01-06 10:34:46.985","msg":"Task 请求resources-8080-15 submitted successfully","details":{"level":"INFO","message":"Task 请求resources-8080-15 submitted successfully","module":"MainModule","timestamp":"2025-01-06 10:34:46.985"}}
{"level":"INFO","ts":"2025-01-06 10:34:46.985","msg":"Submitting task 请求resources-8080-16 with priority 3","details":{"level":"INFO","message":"Submitting task 请求resources-8080-16 with priority 3","module":"MainModule","timestamp":"2025-01-06 10:34:46.985"}}
{"level":"INFO","ts":"2025-01-06 10:34:46.985","msg":"Task 请求resources-8080-16 submitted successfully","details":{"level":"INFO","message":"Task 请求resources-8080-16 submitted successfully","module":"MainModule","timestamp":"2025-01-06 10:34:46.985"}}
{"level":"INFO","ts":"2025-01-06 10:34:46.985","msg":"Submitting task 请求resources-8080-17 with priority 3","details":{"level":"INFO","message":"Submitting task 请求resources-8080-17 with priority 3","module":"MainModule","timestamp":"2025-01-06 10:34:46.985"}}
{"level":"INFO","ts":"2025-01-06 10:34:46.985","msg":"Task 请求resources-8080-17 submitted successfully","details":{"level":"INFO","message":"Task 请求resources-8080-17 submitted successfully","module":"MainModule","timestamp":"2025-01-06 10:34:46.985"}}
{"level":"INFO","ts":"2025-01-06 10:34:46.985","msg":"Submitting task 请求resources-8080-18 with priority 3","details":{"level":"INFO","message":"Submitting task 请求resources-8080-18 with priority 3","module":"MainModule","timestamp":"2025-01-06 10:34:46.985"}}
{"level":"INFO","ts":"2025-01-06 10:34:46.985","msg":"Task 请求resources-8080-18 submitted successfully","details":{"level":"INFO","message":"Task 请求resources-8080-18 submitted successfully","module":"MainModule","timestamp":"2025-01-06 10:34:46.985"}}
{"level":"INFO","ts":"2025-01-06 10:34:46.985","msg":"Submitting task 请求resources-8080-19 with priority 3","details":{"level":"INFO","message":"Submitting task 请求resources-8080-19 with priority 3","module":"MainModule","timestamp":"2025-01-06 10:34:46.985"}}
{"level":"INFO","ts":"2025-01-06 10:34:47.985","msg":"Task 请求resources-8080-19 submitted successfully","details":{"level":"INFO","message":"Task 请求resources-8080-19 submitted successfully","module":"MainModule","timestamp":"2025-01-06 10:34:47.985"}}
{"level":"INFO","ts":"2025-01-06 10:34:47.985","msg":"Submitting task 请求resources-8080-20 with priority 3","details":{"level":"INFO","message":"Submitting task 请求resources-8080-20 with priority 3","module":"MainModule","timestamp":"2025-01-06 10:34:47.985"}}
{"level":"INFO","ts":"2025-01-06 10:34:47.985","msg":"Task 请求resources-8080-20 submitted successfully","details":{"level":"INFO","message":"Task 请求resources-8080-20 submitted successfully","module":"MainModule","timestamp":"2025-01-06 10:34:47.985"}}
{"level":"INFO","ts":"2025-01-06 10:34:47.985","msg":"Submitting task 请求resources-8080-21 with priority 3","details":{"level":"INFO","message":"Submitting task 请求resources-8080-21 with priority 3","module":"MainModule","timestamp":"2025-01-06 10:34:47.985"}}
{"level":"INFO","ts":"2025-01-06 10:34:47.985","msg":"Task 请求resources-8080-21 submitted successfully","details":{"level":"INFO","message":"Task 请求resources-8080-21 submitted successfully","module":"MainModule","timestamp":"2025-01-06 10:34:47.985"}}
{"level":"INFO","ts":"2025-01-06 10:34:47.985","msg":"Submitting task 请求resources-8080-22 with priority 3","details":{"level":"INFO","message":"Submitting task 请求resources-8080-22 with priority 3","module":"MainModule","timestamp":"2025-01-06 10:34:47.985"}}
{"level":"INFO","ts":"2025-01-06 10:34:47.985","msg":"Task 请求resources-8080-22 submitted successfully","details":{"level":"INFO","message":"Task 请求resources-8080-22 submitted successfully","module":"MainModule","timestamp":"2025-01-06 10:34:47.985"}}
{"level":"INFO","ts":"2025-01-06 10:34:47.985","msg":"Submitting task 请求resources-8080-23 with priority 3","details":{"level":"INFO","message":"Submitting task 请求resources-8080-23 with priority 3","module":"MainModule","timestamp":"2025-01-06 10:34:47.985"}}
{"level":"INFO","ts":"2025-01-06 10:34:47.985","msg":"Task 请求resources-8080-23 submitted successfully","details":{"level":"INFO","message":"Task 请求resources-8080-23 submitted successfully","module":"MainModule","timestamp":"2025-01-06 10:34:47.985"}}
{"level":"INFO","ts":"2025-01-06 10:34:47.985","msg":"Submitting task 请求resources-8080-24 with priority 3","details":{"level":"INFO","message":"Submitting task 请求resources-8080-24 with priority 3","module":"MainModule","timestamp":"2025-01-06 10:34:47.985"}}
{"level":"INFO","ts":"2025-01-06 10:34:48.991","msg":"Task 请求resources-8080-24 submitted successfully","details":{"level":"INFO","message":"Task 请求resources-8080-24 submitted successfully","module":"MainModule","timestamp":"2025-01-06 10:34:48.991"}}
{"level":"INFO","ts":"2025-01-06 10:34:48.991","msg":"Submitting task 请求resources-8080-25 with priority 3","details":{"level":"INFO","message":"Submitting task 请求resources-8080-25 with priority 3","module":"MainModule","timestamp":"2025-01-06 10:34:48.991"}}
{"level":"INFO","ts":"2025-01-06 10:34:48.991","msg":"Task 请求resources-8080-25 submitted successfully","details":{"level":"INFO","message":"Task 请求resources-8080-25 submitted successfully","module":"MainModule","timestamp":"2025-01-06 10:34:48.991"}}
{"level":"INFO","ts":"2025-01-06 10:34:48.991","msg":"Submitting task 请求resources-8080-26 with priority 3","details":{"level":"INFO","message":"Submitting task 请求resources-8080-26 with priority 3","module":"MainModule","timestamp":"2025-01-06 10:34:48.991"}}
{"level":"INFO","ts":"2025-01-06 10:34:48.991","msg":"Collecting data for thread ID: 1","details":{"level":"INFO","message":"Collecting data for thread ID: 1","module":"MainModule","timestamp":"2025-01-06 10:34:48.991"}}
{"level":"INFO","ts":"2025-01-06 10:34:48.991","msg":"Task 请求resources-8080-26 submitted successfully","details":{"level":"INFO","message":"Task 请求resources-8080-26 submitted successfully","module":"MainModule","timestamp":"2025-01-06 10:34:48.991"}}
{"level":"INFO","ts":"2025-01-06 10:34:48.991","msg":"Submitting task 请求resources-8080-27 with priority 3","details":{"level":"INFO","message":"Submitting task 请求resources-8080-27 with priority 3","module":"MainModule","timestamp":"2025-01-06 10:34:48.991"}}
{"level":"INFO","ts":"2025-01-06 10:34:48.991","msg":"Task 请求resources-8080-27 submitted successfully","details":{"level":"INFO","message":"Task 请求resources-8080-27 submitted successfully","module":"MainModule","timestamp":"2025-01-06 10:34:48.991"}}
{"level":"INFO","ts":"2025-01-06 10:34:48.991","msg":"Submitting task 请求resources-8080-28 with priority 3","details":{"level":"INFO","message":"Submitting task 请求resources-8080-28 with priority 3","module":"MainModule","timestamp":"2025-01-06 10:34:48.991"}}
{"level":"INFO","ts":"2025-01-06 10:34:48.991","msg":"Task 请求resources-8080-28 submitted successfully","details":{"level":"INFO","message":"Task 请求resources-8080-28 submitted successfully","module":"MainModule","timestamp":"2025-01-06 10:34:48.991"}}
{"level":"INFO","ts":"2025-01-06 10:34:50.002","msg":"Submitting task 请求resources-8080-29 with priority 3","details":{"level":"INFO","message":"Submitting task 请求resources-8080-29 with priority 3","module":"MainModule","timestamp":"2025-01-06 10:34:50.002"}}
{"level":"INFO","ts":"2025-01-06 10:34:50.002","msg":"Task 请求resources-8080-29 submitted successfully","details":{"level":"INFO","message":"Task 请求resources-8080-29 submitted successfully","module":"MainModule","timestamp":"2025-01-06 10:34:50.002"}}
{"level":"INFO","ts":"2025-01-06 10:34:50.002","msg":"Submitting task 请求resources-8080-30 with priority 3","details":{"level":"INFO","message":"Submitting task 请求resources-8080-30 with priority 3","module":"MainModule","timestamp":"2025-01-06 10:34:50.002"}}
{"level":"INFO","ts":"2025-01-06 10:34:50.002","msg":"Task 请求resources-8080-30 submitted successfully","details":{"level":"INFO","message":"Task 请求resources-8080-30 submitted successfully","module":"MainModule","timestamp":"2025-01-06 10:34:50.002"}}
{"level":"INFO","ts":"2025-01-06 10:34:50.002","msg":"Submitting task 请求resources-8080-31 with priority 3","details":{"level":"INFO","message":"Submitting task 请求resources-8080-31 with priority 3","module":"MainModule","timestamp":"2025-01-06 10:34:50.002"}}
{"level":"INFO","ts":"2025-01-06 10:34:50.002","msg":"Task 请求resources-8080-31 submitted successfully","details":{"level":"INFO","message":"Task 请求resources-8080-31 submitted successfully","module":"MainModule","timestamp":"2025-01-06 10:34:50.002"}}
{"level":"INFO","ts":"2025-01-06 10:34:50.002","msg":"Submitting task 请求resources-8080-32 with priority 3","details":{"level":"INFO","message":"Submitting task 请求resources-8080-32 with priority 3","module":"MainModule","timestamp":"2025-01-06 10:34:50.002"}}
{"level":"INFO","ts":"2025-01-06 10:34:50.002","msg":"Task 请求resources-8080-32 submitted successfully","details":{"level":"INFO","message":"Task 请求resources-8080-32 submitted successfully","module":"MainModule","timestamp":"2025-01-06 10:34:50.002"}}
{"level":"INFO","ts":"2025-01-06 10:34:50.002","msg":"Submitting task 请求resources-8080-33 with priority 3","details":{"level":"INFO","message":"Submitting task 请求resources-8080-33 with priority 3","module":"MainModule","timestamp":"2025-01-06 10:34:50.002"}}
{"level":"INFO","ts":"2025-01-06 10:34:50.002","msg":"Task 请求resources-8080-33 submitted successfully","details":{"level":"INFO","message":"Task 请求resources-8080-33 submitted successfully","module":"MainModule","timestamp":"2025-01-06 10:34:50.002"}}
{"level":"INFO","ts":"2025-01-06 10:34:51.013","msg":"Submitting task 请求resources-8080-34 with priority 3","details":{"level":"INFO","message":"Submitting task 请求resources-8080-34 with priority 3","module":"MainModule","timestamp":"2025-01-06 10:34:51.013"}}
{"level":"INFO","ts":"2025-01-06 10:34:51.013","msg":"Task 请求resources-8080-34 submitted successfully","details":{"level":"INFO","message":"Task 请求resources-8080-34 submitted successfully","module":"MainModule","timestamp":"2025-01-06 10:34:51.013"}}
{"level":"INFO","ts":"2025-01-06 10:34:51.013","msg":"Submitting task 请求resources-8080-35 with priority 3","details":{"level":"INFO","message":"Submitting task 请求resources-8080-35 with priority 3","module":"MainModule","timestamp":"2025-01-06 10:34:51.013"}}
{"level":"INFO","ts":"2025-01-06 10:34:51.013","msg":"Task 请求resources-8080-35 submitted successfully","details":{"level":"INFO","message":"Task 请求resources-8080-35 submitted successfully","module":"MainModule","timestamp":"2025-01-06 10:34:51.013"}}
{"level":"INFO","ts":"2025-01-06 10:34:51.013","msg":"Submitting task 请求resources-8080-36 with priority 3","details":{"level":"INFO","message":"Submitting task 请求resources-8080-36 with priority 3","module":"MainModule","timestamp":"2025-01-06 10:34:51.013"}}
{"level":"INFO","ts":"2025-01-06 10:34:51.013","msg":"Task 请求resources-8080-36 submitted successfully","details":{"level":"INFO","message":"Task 请求resources-8080-36 submitted successfully","module":"MainModule","timestamp":"2025-01-06 10:34:51.013"}}
{"level":"INFO","ts":"2025-01-06 10:34:51.013","msg":"Submitting task 请求resources-8080-37 with priority 3","details":{"level":"INFO","message":"Submitting task 请求resources-8080-37 with priority 3","module":"MainModule","timestamp":"2025-01-06 10:34:51.013"}}
{"level":"INFO","ts":"2025-01-06 10:34:51.013","msg":"Task 请求resources-8080-37 submitted successfully","details":{"level":"INFO","message":"Task 请求resources-8080-37 submitted successfully","module":"MainModule","timestamp":"2025-01-06 10:34:51.013"}}
{"level":"INFO","ts":"2025-01-06 10:34:51.013","msg":"Submitting task 请求resources-8080-38 with priority 3","details":{"level":"INFO","message":"Submitting task 请求resources-8080-38 with priority 3","module":"MainModule","timestamp":"2025-01-06 10:34:51.013"}}
{"level":"INFO","ts":"2025-01-06 10:34:51.013","msg":"Task 请求resources-8080-38 submitted successfully","details":{"level":"INFO","message":"Task 请求resources-8080-38 submitted successfully","module":"MainModule","timestamp":"2025-01-06 10:34:51.013"}}
{"level":"INFO","ts":"2025-01-06 10:34:52.025","msg":"Submitting task 请求resources-8080-39 with priority 3","details":{"level":"INFO","message":"Submitting task 请求resources-8080-39 with priority 3","module":"MainModule","timestamp":"2025-01-06 10:34:52.025"}}
{"level":"INFO","ts":"2025-01-06 10:34:52.025","msg":"Task 请求resources-8080-39 submitted successfully","details":{"level":"INFO","message":"Task 请求resources-8080-39 submitted successfully","module":"MainModule","timestamp":"2025-01-06 10:34:52.025"}}
{"level":"INFO","ts":"2025-01-06 10:34:52.025","msg":"Submitting task 请求resources-8080-40 with priority 3","details":{"level":"INFO","message":"Submitting task 请求resources-8080-40 with priority 3","module":"MainModule","timestamp":"2025-01-06 10:34:52.025"}}
{"level":"INFO","ts":"2025-01-06 10:34:52.025","msg":"Task 请求resources-8080-40 submitted successfully","details":{"level":"INFO","message":"Task 请求resources-8080-40 submitted successfully","module":"MainModule","timestamp":"2025-01-06 10:34:52.025"}}
{"level":"INFO","ts":"2025-01-06 10:34:52.025","msg":"Submitting task 请求resources-8080-41 with priority 3","details":{"level":"INFO","message":"Submitting task 请求resources-8080-41 with priority 3","module":"MainModule","timestamp":"2025-01-06 10:34:52.025"}}
{"level":"INFO","ts":"2025-01-06 10:34:52.025","msg":"Task 请求resources-8080-41 submitted successfully","details":{"level":"INFO","message":"Task 请求resources-8080-41 submitted successfully","module":"MainModule","timestamp":"2025-01-06 10:34:52.025"}}
{"level":"INFO","ts":"2025-01-06 10:34:52.025","msg":"Submitting task 请求resources-8080-42 with priority 3","details":{"level":"INFO","message":"Submitting task 请求resources-8080-42 with priority 3","module":"MainModule","timestamp":"2025-01-06 10:34:52.025"}}
{"level":"INFO","ts":"2025-01-06 10:34:52.025","msg":"Task 请求resources-8080-42 submitted successfully","details":{"level":"INFO","message":"Task 请求resources-8080-42 submitted successfully","module":"MainModule","timestamp":"2025-01-06 10:34:52.025"}}
{"level":"INFO","ts":"2025-01-06 10:34:52.025","msg":"Submitting task 请求resources-8080-43 with priority 3","details":{"level":"INFO","message":"Submitting task 请求resources-8080-43 with priority 3","module":"MainModule","timestamp":"2025-01-06 10:34:52.025"}}
{"level":"INFO","ts":"2025-01-06 10:34:52.025","msg":"Task 请求resources-8080-43 submitted successfully","details":{"level":"INFO","message":"Task 请求resources-8080-43 submitted successfully","module":"MainModule","timestamp":"2025-01-06 10:34:52.025"}}
{"level":"INFO","ts":"2025-01-06 10:34:53.032","msg":"Submitting task 请求resources-8080-44 with priority 3","details":{"level":"INFO","message":"Submitting task 请求resources-8080-44 with priority 3","module":"MainModule","timestamp":"2025-01-06 10:34:53.032"}}
{"level":"INFO","ts":"2025-01-06 10:34:53.032","msg":"Task 请求resources-8080-44 submitted successfully","details":{"level":"INFO","message":"Task 请求resources-8080-44 submitted successfully","module":"MainModule","timestamp":"2025-01-06 10:34:53.032"}}
{"level":"INFO","ts":"2025-01-06 10:34:53.032","msg":"Submitting task 请求resources-8080-45 with priority 3","details":{"level":"INFO","message":"Submitting task 请求resources-8080-45 with priority 3","module":"MainModule","timestamp":"2025-01-06 10:34:53.032"}}
{"level":"INFO","ts":"2025-01-06 10:34:53.032","msg":"Task 请求resources-8080-45 submitted successfully","details":{"level":"INFO","message":"Task 请求resources-8080-45 submitted successfully","module":"MainModule","timestamp":"2025-01-06 10:34:53.032"}}
{"level":"INFO","ts":"2025-01-06 10:34:53.032","msg":"Submitting task 请求resources-8080-46 with priority 3","details":{"level":"INFO","message":"Submitting task 请求resources-8080-46 with priority 3","module":"MainModule","timestamp":"2025-01-06 10:34:53.032"}}
{"level":"INFO","ts":"2025-01-06 10:34:53.032","msg":"Task 请求resources-8080-46 submitted successfully","details":{"level":"INFO","message":"Task 请求resources-8080-46 submitted successfully","module":"MainModule","timestamp":"2025-01-06 10:34:53.032"}}
{"level":"INFO","ts":"2025-01-06 10:34:53.032","msg":"Submitting task 请求resources-8080-47 with priority 3","details":{"level":"INFO","message":"Submitting task 请求resources-8080-47 with priority 3","module":"MainModule","timestamp":"2025-01-06 10:34:53.032"}}
{"level":"INFO","ts":"2025-01-06 10:34:53.032","msg":"Task 请求resources-8080-47 submitted successfully","details":{"level":"INFO","message":"Task 请求resources-8080-47 submitted successfully","module":"MainModule","timestamp":"2025-01-06 10:34:53.032"}}
{"level":"INFO","ts":"2025-01-06 10:34:53.032","msg":"Submitting task 请求resources-8080-48 with priority 3","details":{"level":"INFO","message":"Submitting task 请求resources-8080-48 with priority 3","module":"MainModule","timestamp":"2025-01-06 10:34:53.032"}}
{"level":"INFO","ts":"2025-01-06 10:34:53.032","msg":"Task 请求resources-8080-48 submitted successfully","details":{"level":"INFO","message":"Task 请求resources-8080-48 submitted successfully","module":"MainModule","timestamp":"2025-01-06 10:34:53.032"}}
{"level":"INFO","ts":"2025-01-06 10:34:54.040","msg":"Submitting task 请求resources-8080-49 with priority 3","details":{"level":"INFO","message":"Submitting task 请求resources-8080-49 with priority 3","module":"MainModule","timestamp":"2025-01-06 10:34:54.040"}}
{"level":"INFO","ts":"2025-01-06 10:34:54.040","msg":"Task 请求resources-8080-49 submitted successfully","details":{"level":"INFO","message":"Task 请求resources-8080-49 submitted successfully","module":"MainModule","timestamp":"2025-01-06 10:34:54.040"}}
{"level":"INFO","ts":"2025-01-06 10:34:54.040","msg":"Submitting task 请求resources-8080-50 with priority 3","details":{"level":"INFO","message":"Submitting task 请求resources-8080-50 with priority 3","module":"MainModule","timestamp":"2025-01-06 10:34:54.040"}}
{"level":"INFO","ts":"2025-01-06 10:34:54.040","msg":"Task 请求resources-8080-50 submitted successfully","details":{"level":"INFO","message":"Task 请求resources-8080-50 submitted successfully","module":"MainModule","timestamp":"2025-01-06 10:34:54.040"}}
{"level":"INFO","ts":"2025-01-06 10:34:54.040","msg":"Submitting task 请求resources-8080-51 with priority 3","details":{"level":"INFO","message":"Submitting task 请求resources-8080-51 with priority 3","module":"MainModule","timestamp":"2025-01-06 10:34:54.040"}}
{"level":"INFO","ts":"2025-01-06 10:34:54.040","msg":"Collecting data for thread ID: 1","details":{"level":"INFO","message":"Collecting data for thread ID: 1","module":"MainModule","timestamp":"2025-01-06 10:34:54.040"}}
{"level":"INFO","ts":"2025-01-06 10:34:54.041","msg":"Task 请求resources-8080-51 submitted successfully","details":{"level":"INFO","message":"Task 请求resources-8080-51 submitted successfully","module":"MainModule","timestamp":"2025-01-06 10:34:54.041"}}
{"level":"INFO","ts":"2025-01-06 10:34:54.041","msg":"Submitting task 请求resources-8080-52 with priority 3","details":{"level":"INFO","message":"Submitting task 请求resources-8080-52 with priority 3","module":"MainModule","timestamp":"2025-01-06 10:34:54.041"}}
{"level":"INFO","ts":"2025-01-06 10:34:54.041","msg":"Task 请求resources-8080-52 submitted successfully","details":{"level":"INFO","message":"Task 请求resources-8080-52 submitted successfully","module":"MainModule","timestamp":"2025-01-06 10:34:54.041"}}
{"level":"INFO","ts":"2025-01-06 10:34:54.041","msg":"Submitting task 请求resources-8080-53 with priority 3","details":{"level":"INFO","message":"Submitting task 请求resources-8080-53 with priority 3","module":"MainModule","timestamp":"2025-01-06 10:34:54.041"}}
{"level":"INFO","ts":"2025-01-06 10:34:55.051","msg":"Task 请求resources-8080-53 submitted successfully","details":{"level":"INFO","message":"Task 请求resources-8080-53 submitted successfully","module":"MainModule","timestamp":"2025-01-06 10:34:55.051"}}
{"level":"INFO","ts":"2025-01-06 10:34:55.051","msg":"Submitting task 请求resources-8080-54 with priority 3","details":{"level":"INFO","message":"Submitting task 请求resources-8080-54 with priority 3","module":"MainModule","timestamp":"2025-01-06 10:34:55.051"}}
{"level":"INFO","ts":"2025-01-06 10:34:55.051","msg":"Task 请求resources-8080-54 submitted successfully","details":{"level":"INFO","message":"Task 请求resources-8080-54 submitted successfully","module":"MainModule","timestamp":"2025-01-06 10:34:55.051"}}
{"level":"INFO","ts":"2025-01-06 10:34:55.051","msg":"Submitting task 请求resources-8080-55 with priority 3","details":{"level":"INFO","message":"Submitting task 请求resources-8080-55 with priority 3","module":"MainModule","timestamp":"2025-01-06 10:34:55.051"}}
{"level":"INFO","ts":"2025-01-06 10:34:55.051","msg":"Task 请求resources-8080-55 submitted successfully","details":{"level":"INFO","message":"Task 请求resources-8080-55 submitted successfully","module":"MainModule","timestamp":"2025-01-06 10:34:55.051"}}
{"level":"INFO","ts":"2025-01-06 10:34:55.051","msg":"Submitting task 请求resources-8080-56 with priority 3","details":{"level":"INFO","message":"Submitting task 请求resources-8080-56 with priority 3","module":"MainModule","timestamp":"2025-01-06 10:34:55.051"}}
{"level":"INFO","ts":"2025-01-06 10:34:55.051","msg":"Task 请求resources-8080-56 submitted successfully","details":{"level":"INFO","message":"Task 请求resources-8080-56 submitted successfully","module":"MainModule","timestamp":"2025-01-06 10:34:55.051"}}
{"level":"INFO","ts":"2025-01-06 10:34:55.051","msg":"Submitting task 请求resources-8080-57 with priority 3","details":{"level":"INFO","message":"Submitting task 请求resources-8080-57 with priority 3","module":"MainModule","timestamp":"2025-01-06 10:34:55.051"}}
{"level":"INFO","ts":"2025-01-06 10:34:55.051","msg":"Task 请求resources-8080-57 submitted successfully","details":{"level":"INFO","message":"Task 请求resources-8080-57 submitted successfully","module":"MainModule","timestamp":"2025-01-06 10:34:55.051"}}
{"level":"INFO","ts":"2025-01-06 10:34:55.051","msg":"Submitting task 请求resources-8080-58 with priority 3","details":{"level":"INFO","message":"Submitting task 请求resources-8080-58 with priority 3","module":"MainModule","timestamp":"2025-01-06 10:34:55.051"}}
{"level":"INFO","ts":"2025-01-06 10:34:56.062","msg":"Task 请求resources-8080-58 submitted successfully","details":{"level":"INFO","message":"Task 请求resources-8080-58 submitted successfully","module":"MainModule","timestamp":"2025-01-06 10:34:56.062"}}
{"level":"INFO","ts":"2025-01-06 10:34:56.062","msg":"Submitting task 请求resources-8080-59 with priority 3","details":{"level":"INFO","message":"Submitting task 请求resources-8080-59 with priority 3","module":"MainModule","timestamp":"2025-01-06 10:34:56.062"}}
{"level":"INFO","ts":"2025-01-06 10:34:56.062","msg":"Task 请求resources-8080-59 submitted successfully","details":{"level":"INFO","message":"Task 请求resources-8080-59 submitted successfully","module":"MainModule","timestamp":"2025-01-06 10:34:56.062"}}
{"level":"INFO","ts":"2025-01-06 10:34:56.062","msg":"Submitting task 请求resources-8080-60 with priority 3","details":{"level":"INFO","message":"Submitting task 请求resources-8080-60 with priority 3","module":"MainModule","timestamp":"2025-01-06 10:34:56.062"}}
{"level":"INFO","ts":"2025-01-06 10:34:56.062","msg":"Task 请求resources-8080-60 submitted successfully","details":{"level":"INFO","message":"Task 请求resources-8080-60 submitted successfully","module":"MainModule","timestamp":"2025-01-06 10:34:56.062"}}
{"level":"INFO","ts":"2025-01-06 10:34:56.062","msg":"Submitting task 请求resources-8080-61 with priority 3","details":{"level":"INFO","message":"Submitting task 请求resources-8080-61 with priority 3","module":"MainModule","timestamp":"2025-01-06 10:34:56.062"}}
{"level":"INFO","ts":"2025-01-06 10:34:56.062","msg":"Task 请求resources-8080-61 submitted successfully","details":{"level":"INFO","message":"Task 请求resources-8080-61 submitted successfully","module":"MainModule","timestamp":"2025-01-06 10:34:56.062"}}
{"level":"INFO","ts":"2025-01-06 10:34:56.062","msg":"Submitting task 请求resources-8080-62 with priority 3","details":{"level":"INFO","message":"Submitting task 请求resources-8080-62 with priority 3","module":"MainModule","timestamp":"2025-01-06 10:34:56.062"}}
{"level":"INFO","ts":"2025-01-06 10:34:56.062","msg":"Task 请求resources-8080-62 submitted successfully","details":{"level":"INFO","message":"Task 请求resources-8080-62 submitted successfully","module":"MainModule","timestamp":"2025-01-06 10:34:56.062"}}
{"level":"INFO","ts":"2025-01-06 10:34:56.062","msg":"Submitting task 请求resources-8080-63 with priority 3","details":{"level":"INFO","message":"Submitting task 请求resources-8080-63 with priority 3","module":"MainModule","timestamp":"2025-01-06 10:34:56.062"}}
{"level":"INFO","ts":"2025-01-06 10:34:57.075","msg":"Task 请求resources-8080-63 submitted successfully","details":{"level":"INFO","message":"Task 请求resources-8080-63 submitted successfully","module":"MainModule","timestamp":"2025-01-06 10:34:57.075"}}
{"level":"INFO","ts":"2025-01-06 10:34:57.075","msg":"Submitting task 请求resources-8080-64 with priority 3","details":{"level":"INFO","message":"Submitting task 请求resources-8080-64 with priority 3","module":"MainModule","timestamp":"2025-01-06 10:34:57.075"}}
{"level":"INFO","ts":"2025-01-06 10:34:57.075","msg":"Task 请求resources-8080-64 submitted successfully","details":{"level":"INFO","message":"Task 请求resources-8080-64 submitted successfully","module":"MainModule","timestamp":"2025-01-06 10:34:57.075"}}
{"level":"INFO","ts":"2025-01-06 10:34:57.075","msg":"Submitting task 请求resources-8080-65 with priority 3","details":{"level":"INFO","message":"Submitting task 请求resources-8080-65 with priority 3","module":"MainModule","timestamp":"2025-01-06 10:34:57.075"}}
{"level":"INFO","ts":"2025-01-06 10:34:57.075","msg":"Task 请求resources-8080-65 submitted successfully","details":{"level":"INFO","message":"Task 请求resources-8080-65 submitted successfully","module":"MainModule","timestamp":"2025-01-06 10:34:57.075"}}
{"level":"INFO","ts":"2025-01-06 10:34:57.075","msg":"Submitting task 请求resources-8080-66 with priority 3","details":{"level":"INFO","message":"Submitting task 请求resources-8080-66 with priority 3","module":"MainModule","timestamp":"2025-01-06 10:34:57.075"}}
{"level":"INFO","ts":"2025-01-06 10:34:57.075","msg":"Task 请求resources-8080-66 submitted successfully","details":{"level":"INFO","message":"Task 请求resources-8080-66 submitted successfully","module":"MainModule","timestamp":"2025-01-06 10:34:57.075"}}
{"level":"INFO","ts":"2025-01-06 10:34:57.075","msg":"Submitting task 请求resources-8080-67 with priority 3","details":{"level":"INFO","message":"Submitting task 请求resources-8080-67 with priority 3","module":"MainModule","timestamp":"2025-01-06 10:34:57.075"}}
{"level":"INFO","ts":"2025-01-06 10:34:57.075","msg":"Task 请求resources-8080-67 submitted successfully","details":{"level":"INFO","message":"Task 请求resources-8080-67 submitted successfully","module":"MainModule","timestamp":"2025-01-06 10:34:57.075"}}
{"level":"INFO","ts":"2025-01-06 10:34:57.075","msg":"Submitting task 请求resources-8080-68 with priority 3","details":{"level":"INFO","message":"Submitting task 请求resources-8080-68 with priority 3","module":"MainModule","timestamp":"2025-01-06 10:34:57.075"}}
{"level":"INFO","ts":"2025-01-06 10:34:58.078","msg":"Task 请求resources-8080-68 submitted successfully","details":{"level":"INFO","message":"Task 请求resources-8080-68 submitted successfully","module":"MainModule","timestamp":"2025-01-06 10:34:58.078"}}
{"level":"INFO","ts":"2025-01-06 10:34:58.078","msg":"Submitting task 请求resources-8080-69 with priority 3","details":{"level":"INFO","message":"Submitting task 请求resources-8080-69 with priority 3","module":"MainModule","timestamp":"2025-01-06 10:34:58.078"}}
{"level":"INFO","ts":"2025-01-06 10:34:58.078","msg":"Task 请求resources-8080-69 submitted successfully","details":{"level":"INFO","message":"Task 请求resources-8080-69 submitted successfully","module":"MainModule","timestamp":"2025-01-06 10:34:58.078"}}
{"level":"INFO","ts":"2025-01-06 10:34:58.078","msg":"Submitting task 请求resources-8080-70 with priority 3","details":{"level":"INFO","message":"Submitting task 请求resources-8080-70 with priority 3","module":"MainModule","timestamp":"2025-01-06 10:34:58.078"}}
{"level":"INFO","ts":"2025-01-06 10:34:58.078","msg":"Task 请求resources-8080-70 submitted successfully","details":{"level":"INFO","message":"Task 请求resources-8080-70 submitted successfully","module":"MainModule","timestamp":"2025-01-06 10:34:58.078"}}
{"level":"INFO","ts":"2025-01-06 10:34:58.078","msg":"Submitting task 请求resources-8080-71 with priority 3","details":{"level":"INFO","message":"Submitting task 请求resources-8080-71 with priority 3","module":"MainModule","timestamp":"2025-01-06 10:34:58.078"}}
{"level":"INFO","ts":"2025-01-06 10:34:58.078","msg":"Task 请求resources-8080-71 submitted successfully","details":{"level":"INFO","message":"Task 请求resources-8080-71 submitted successfully","module":"MainModule","timestamp":"2025-01-06 10:34:58.078"}}
{"level":"INFO","ts":"2025-01-06 10:34:58.078","msg":"Submitting task 请求resources-8080-72 with priority 3","details":{"level":"INFO","message":"Submitting task 请求resources-8080-72 with priority 3","module":"MainModule","timestamp":"2025-01-06 10:34:58.078"}}
{"level":"INFO","ts":"2025-01-06 10:34:58.078","msg":"Task 请求resources-8080-72 submitted successfully","details":{"level":"INFO","message":"Task 请求resources-8080-72 submitted successfully","module":"MainModule","timestamp":"2025-01-06 10:34:58.078"}}
{"level":"INFO","ts":"2025-01-06 10:34:58.078","msg":"Submitting task 请求resources-8080-73 with priority 3","details":{"level":"INFO","message":"Submitting task 请求resources-8080-73 with priority 3","module":"MainModule","timestamp":"2025-01-06 10:34:58.078"}}
{"level":"INFO","ts":"2025-01-06 10:34:59.081","msg":"Task 请求resources-8080-73 submitted successfully","details":{"level":"INFO","message":"Task 请求resources-8080-73 submitted successfully","module":"MainModule","timestamp":"2025-01-06 10:34:59.081"}}
{"level":"INFO","ts":"2025-01-06 10:34:59.081","msg":"Submitting task 请求resources-8080-74 with priority 3","details":{"level":"INFO","message":"Submitting task 请求resources-8080-74 with priority 3","module":"MainModule","timestamp":"2025-01-06 10:34:59.081"}}
{"level":"INFO","ts":"2025-01-06 10:34:59.082","msg":"Task 请求resources-8080-74 submitted successfully","details":{"level":"INFO","message":"Task 请求resources-8080-74 submitted successfully","module":"MainModule","timestamp":"2025-01-06 10:34:59.082"}}
{"level":"INFO","ts":"2025-01-06 10:34:59.082","msg":"Submitting task 请求resources-8080-75 with priority 3","details":{"level":"INFO","message":"Submitting task 请求resources-8080-75 with priority 3","module":"MainModule","timestamp":"2025-01-06 10:34:59.082"}}
{"level":"INFO","ts":"2025-01-06 10:34:59.082","msg":"Task 请求resources-8080-75 submitted successfully","details":{"level":"INFO","message":"Task 请求resources-8080-75 submitted successfully","module":"MainModule","timestamp":"2025-01-06 10:34:59.082"}}
{"level":"INFO","ts":"2025-01-06 10:34:59.082","msg":"Submitting task 请求resources-8080-76 with priority 3","details":{"level":"INFO","message":"Submitting task 请求resources-8080-76 with priority 3","module":"MainModule","timestamp":"2025-01-06 10:34:59.082"}}
{"level":"INFO","ts":"2025-01-06 10:34:59.082","msg":"Collecting data for thread ID: 1","details":{"level":"INFO","message":"Collecting data for thread ID: 1","module":"MainModule","timestamp":"2025-01-06 10:34:59.082"}}
{"level":"INFO","ts":"2025-01-06 10:34:59.082","msg":"Task 请求resources-8080-76 submitted successfully","details":{"level":"INFO","message":"Task 请求resources-8080-76 submitted successfully","module":"MainModule","timestamp":"2025-01-06 10:34:59.082"}}
{"level":"INFO","ts":"2025-01-06 10:34:59.082","msg":"Submitting task 请求resources-8080-77 with priority 3","details":{"level":"INFO","message":"Submitting task 请求resources-8080-77 with priority 3","module":"MainModule","timestamp":"2025-01-06 10:34:59.082"}}
{"level":"INFO","ts":"2025-01-06 10:34:59.082","msg":"Task 请求resources-8080-77 submitted successfully","details":{"level":"INFO","message":"Task 请求resources-8080-77 submitted successfully","module":"MainModule","timestamp":"2025-01-06 10:34:59.082"}}
{"level":"INFO","ts":"2025-01-06 10:35:00.094","msg":"Submitting task 请求resources-8080-78 with priority 3","details":{"level":"INFO","message":"Submitting task 请求resources-8080-78 with priority 3","module":"MainModule","timestamp":"2025-01-06 10:35:00.094"}}
{"level":"INFO","ts":"2025-01-06 10:35:00.094","msg":"Task 请求resources-8080-78 submitted successfully","details":{"level":"INFO","message":"Task 请求resources-8080-78 submitted successfully","module":"MainModule","timestamp":"2025-01-06 10:35:00.094"}}
{"level":"INFO","ts":"2025-01-06 10:35:00.094","msg":"Submitting task 请求resources-8080-79 with priority 3","details":{"level":"INFO","message":"Submitting task 请求resources-8080-79 with priority 3","module":"MainModule","timestamp":"2025-01-06 10:35:00.094"}}
{"level":"INFO","ts":"2025-01-06 10:35:00.094","msg":"Task 请求resources-8080-79 submitted successfully","details":{"level":"INFO","message":"Task 请求resources-8080-79 submitted successfully","module":"MainModule","timestamp":"2025-01-06 10:35:00.094"}}
{"level":"INFO","ts":"2025-01-06 10:35:00.095","msg":"Submitting task 请求resources-8080-80 with priority 3","details":{"level":"INFO","message":"Submitting task 请求resources-8080-80 with priority 3","module":"MainModule","timestamp":"2025-01-06 10:35:00.095"}}
{"level":"INFO","ts":"2025-01-06 10:35:00.095","msg":"Task 请求resources-8080-80 submitted successfully","details":{"level":"INFO","message":"Task 请求resources-8080-80 submitted successfully","module":"MainModule","timestamp":"2025-01-06 10:35:00.095"}}
{"level":"INFO","ts":"2025-01-06 10:35:00.095","msg":"Submitting task 请求resources-8080-81 with priority 3","details":{"level":"INFO","message":"Submitting task 请求resources-8080-81 with priority 3","module":"MainModule","timestamp":"2025-01-06 10:35:00.095"}}
{"level":"INFO","ts":"2025-01-06 10:35:00.095","msg":"Task 请求resources-8080-81 submitted successfully","details":{"level":"INFO","message":"Task 请求resources-8080-81 submitted successfully","module":"MainModule","timestamp":"2025-01-06 10:35:00.095"}}
{"level":"INFO","ts":"2025-01-06 10:35:00.095","msg":"Submitting task 请求resources-8080-82 with priority 3","details":{"level":"INFO","message":"Submitting task 请求resources-8080-82 with priority 3","module":"MainModule","timestamp":"2025-01-06 10:35:00.095"}}
{"level":"INFO","ts":"2025-01-06 10:35:00.095","msg":"Task 请求resources-8080-82 submitted successfully","details":{"level":"INFO","message":"Task 请求resources-8080-82 submitted successfully","module":"MainModule","timestamp":"2025-01-06 10:35:00.095"}}
{"level":"INFO","ts":"2025-01-06 10:35:01.103","msg":"Submitting task 请求resources-8080-83 with priority 3","details":{"level":"INFO","message":"Submitting task 请求resources-8080-83 with priority 3","module":"MainModule","timestamp":"2025-01-06 10:35:01.103"}}
{"level":"INFO","ts":"2025-01-06 10:35:01.103","msg":"Task 请求resources-8080-83 submitted successfully","details":{"level":"INFO","message":"Task 请求resources-8080-83 submitted successfully","module":"MainModule","timestamp":"2025-01-06 10:35:01.103"}}
{"level":"INFO","ts":"2025-01-06 10:35:01.103","msg":"Submitting task 请求resources-8080-84 with priority 3","details":{"level":"INFO","message":"Submitting task 请求resources-8080-84 with priority 3","module":"MainModule","timestamp":"2025-01-06 10:35:01.103"}}
{"level":"INFO","ts":"2025-01-06 10:35:01.103","msg":"Task 请求resources-8080-84 submitted successfully","details":{"level":"INFO","message":"Task 请求resources-8080-84 submitted successfully","module":"MainModule","timestamp":"2025-01-06 10:35:01.103"}}
{"level":"INFO","ts":"2025-01-06 10:35:01.103","msg":"Submitting task 请求resources-8080-85 with priority 3","details":{"level":"INFO","message":"Submitting task 请求resources-8080-85 with priority 3","module":"MainModule","timestamp":"2025-01-06 10:35:01.103"}}
{"level":"INFO","ts":"2025-01-06 10:35:01.103","msg":"Task 请求resources-8080-85 submitted successfully","details":{"level":"INFO","message":"Task 请求resources-8080-85 submitted successfully","module":"MainModule","timestamp":"2025-01-06 10:35:01.103"}}
{"level":"INFO","ts":"2025-01-06 10:35:01.103","msg":"Submitting task 请求resources-8080-86 with priority 3","details":{"level":"INFO","message":"Submitting task 请求resources-8080-86 with priority 3","module":"MainModule","timestamp":"2025-01-06 10:35:01.103"}}
{"level":"INFO","ts":"2025-01-06 10:35:01.103","msg":"Task 请求resources-8080-86 submitted successfully","details":{"level":"INFO","message":"Task 请求resources-8080-86 submitted successfully","module":"MainModule","timestamp":"2025-01-06 10:35:01.103"}}
{"level":"INFO","ts":"2025-01-06 10:35:01.103","msg":"Submitting task 请求resources-8080-87 with priority 3","details":{"level":"INFO","message":"Submitting task 请求resources-8080-87 with priority 3","module":"MainModule","timestamp":"2025-01-06 10:35:01.103"}}
{"level":"INFO","ts":"2025-01-06 10:35:01.103","msg":"Task 请求resources-8080-87 submitted successfully","details":{"level":"INFO","message":"Task 请求resources-8080-87 submitted successfully","module":"MainModule","timestamp":"2025-01-06 10:35:01.103"}}
{"level":"INFO","ts":"2025-01-06 10:35:02.112","msg":"Submitting task 请求resources-8080-88 with priority 3","details":{"level":"INFO","message":"Submitting task 请求resources-8080-88 with priority 3","module":"MainModule","timestamp":"2025-01-06 10:35:02.112"}}
{"level":"INFO","ts":"2025-01-06 10:35:02.112","msg":"Task 请求resources-8080-88 submitted successfully","details":{"level":"INFO","message":"Task 请求resources-8080-88 submitted successfully","module":"MainModule","timestamp":"2025-01-06 10:35:02.112"}}
{"level":"INFO","ts":"2025-01-06 10:35:02.112","msg":"Submitting task 请求resources-8080-89 with priority 3","details":{"level":"INFO","message":"Submitting task 请求resources-8080-89 with priority 3","module":"MainModule","timestamp":"2025-01-06 10:35:02.112"}}
{"level":"INFO","ts":"2025-01-06 10:35:02.112","msg":"Task 请求resources-8080-89 submitted successfully","details":{"level":"INFO","message":"Task 请求resources-8080-89 submitted successfully","module":"MainModule","timestamp":"2025-01-06 10:35:02.112"}}
{"level":"INFO","ts":"2025-01-06 10:35:02.112","msg":"Submitting task 请求resources-8080-90 with priority 3","details":{"level":"INFO","message":"Submitting task 请求resources-8080-90 with priority 3","module":"MainModule","timestamp":"2025-01-06 10:35:02.112"}}
{"level":"INFO","ts":"2025-01-06 10:35:02.112","msg":"Task 请求resources-8080-90 submitted successfully","details":{"level":"INFO","message":"Task 请求resources-8080-90 submitted successfully","module":"MainModule","timestamp":"2025-01-06 10:35:02.112"}}
{"level":"INFO","ts":"2025-01-06 10:35:02.112","msg":"Submitting task 请求resources-8080-91 with priority 3","details":{"level":"INFO","message":"Submitting task 请求resources-8080-91 with priority 3","module":"MainModule","timestamp":"2025-01-06 10:35:02.112"}}
{"level":"INFO","ts":"2025-01-06 10:35:02.112","msg":"Task 请求resources-8080-91 submitted successfully","details":{"level":"INFO","message":"Task 请求resources-8080-91 submitted successfully","module":"MainModule","timestamp":"2025-01-06 10:35:02.112"}}
{"level":"INFO","ts":"2025-01-06 10:35:02.112","msg":"Submitting task 请求resources-8080-92 with priority 3","details":{"level":"INFO","message":"Submitting task 请求resources-8080-92 with priority 3","module":"MainModule","timestamp":"2025-01-06 10:35:02.112"}}
{"level":"INFO","ts":"2025-01-06 10:35:02.112","msg":"Task 请求resources-8080-92 submitted successfully","details":{"level":"INFO","message":"Task 请求resources-8080-92 submitted successfully","module":"MainModule","timestamp":"2025-01-06 10:35:02.112"}}
{"level":"INFO","ts":"2025-01-06 10:35:03.117","msg":"Submitting task 请求resources-8080-93 with priority 3","details":{"level":"INFO","message":"Submitting task 请求resources-8080-93 with priority 3","module":"MainModule","timestamp":"2025-01-06 10:35:03.117"}}
{"level":"INFO","ts":"2025-01-06 10:35:03.117","msg":"Task 请求resources-8080-93 submitted successfully","details":{"level":"INFO","message":"Task 请求resources-8080-93 submitted successfully","module":"MainModule","timestamp":"2025-01-06 10:35:03.117"}}
{"level":"INFO","ts":"2025-01-06 10:35:03.117","msg":"Submitting task 请求resources-8080-94 with priority 3","details":{"level":"INFO","message":"Submitting task 请求resources-8080-94 with priority 3","module":"MainModule","timestamp":"2025-01-06 10:35:03.117"}}
{"level":"INFO","ts":"2025-01-06 10:35:03.117","msg":"Task 请求resources-8080-94 submitted successfully","details":{"level":"INFO","message":"Task 请求resources-8080-94 submitted successfully","module":"MainModule","timestamp":"2025-01-06 10:35:03.117"}}
{"level":"INFO","ts":"2025-01-06 10:35:03.117","msg":"Submitting task 请求resources-8080-95 with priority 3","details":{"level":"INFO","message":"Submitting task 请求resources-8080-95 with priority 3","module":"MainModule","timestamp":"2025-01-06 10:35:03.117"}}
{"level":"INFO","ts":"2025-01-06 10:35:03.117","msg":"Task 请求resources-8080-95 submitted successfully","details":{"level":"INFO","message":"Task 请求resources-8080-95 submitted successfully","module":"MainModule","timestamp":"2025-01-06 10:35:03.117"}}
{"level":"INFO","ts":"2025-01-06 10:35:03.117","msg":"Submitting task 请求resources-8080-96 with priority 3","details":{"level":"INFO","message":"Submitting task 请求resources-8080-96 with priority 3","module":"MainModule","timestamp":"2025-01-06 10:35:03.117"}}
{"level":"INFO","ts":"2025-01-06 10:35:03.117","msg":"Task 请求resources-8080-96 submitted successfully","details":{"level":"INFO","message":"Task 请求resources-8080-96 submitted successfully","module":"MainModule","timestamp":"2025-01-06 10:35:03.117"}}
{"level":"INFO","ts":"2025-01-06 10:35:03.117","msg":"Submitting task 请求resources-8080-97 with priority 3","details":{"level":"INFO","message":"Submitting task 请求resources-8080-97 with priority 3","module":"MainModule","timestamp":"2025-01-06 10:35:03.117"}}
{"level":"INFO","ts":"2025-01-06 10:35:03.117","msg":"Task 请求resources-8080-97 submitted successfully","details":{"level":"INFO","message":"Task 请求resources-8080-97 submitted successfully","module":"MainModule","timestamp":"2025-01-06 10:35:03.117"}}
{"level":"INFO","ts":"2025-01-06 10:35:04.131","msg":"Submitting task 请求resources-8080-98 with priority 3","details":{"level":"INFO","message":"Submitting task 请求resources-8080-98 with priority 3","module":"MainModule","timestamp":"2025-01-06 10:35:04.131"}}
{"level":"INFO","ts":"2025-01-06 10:35:04.131","msg":"Task 请求resources-8080-98 submitted successfully","details":{"level":"INFO","message":"Task 请求resources-8080-98 submitted successfully","module":"MainModule","timestamp":"2025-01-06 10:35:04.131"}}
{"level":"INFO","ts":"2025-01-06 10:35:04.131","msg":"Submitting task 请求resources-8080-99 with priority 3","details":{"level":"INFO","message":"Submitting task 请求resources-8080-99 with priority 3","module":"MainModule","timestamp":"2025-01-06 10:35:04.131"}}
{"level":"INFO","ts":"2025-01-06 10:35:04.131","msg":"Task 请求resources-8080-99 submitted successfully","details":{"level":"INFO","message":"Task 请求resources-8080-99 submitted successfully","module":"MainModule","timestamp":"2025-01-06 10:35:04.131"}}
{"level":"INFO","ts":"2025-01-06 10:35:04.131","msg":"Submitting task 请求resources-8080-100 with priority 3","details":{"level":"INFO","message":"Submitting task 请求resources-8080-100 with priority 3","module":"MainModule","timestamp":"2025-01-06 10:35:04.131"}}
{"level":"INFO","ts":"2025-01-06 10:35:04.131","msg":"Task 请求resources-8080-100 submitted successfully","details":{"level":"INFO","message":"Task 请求resources-8080-100 submitted successfully","module":"MainModule","timestamp":"2025-01-06 10:35:04.131"}}
{"level":"INFO","ts":"2025-01-06 10:35:04.131","msg":"Submitting task Medium-Priority-Task-1 with priority 2","details":{"level":"INFO","message":"Submitting task Medium-Priority-Task-1 with priority 2","module":"MainModule","timestamp":"2025-01-06 10:35:04.131"}}
{"level":"INFO","ts":"2025-01-06 10:35:04.131","msg":"Collecting data for thread ID: 1","details":{"level":"INFO","message":"Collecting data for thread ID: 1","module":"MainModule","timestamp":"2025-01-06 10:35:04.131"}}
{"level":"INFO","ts":"2025-01-06 10:35:04.132","msg":"Task Medium-Priority-Task-1 submitted successfully","details":{"level":"INFO","message":"Task Medium-Priority-Task-1 submitted successfully","module":"MainModule","timestamp":"2025-01-06 10:35:04.132"}}
{"level":"INFO","ts":"2025-01-06 10:35:04.132","msg":"Submitting task Medium-Priority-Task-2 with priority 2","details":{"level":"INFO","message":"Submitting task Medium-Priority-Task-2 with priority 2","module":"MainModule","timestamp":"2025-01-06 10:35:04.132"}}
{"level":"INFO","ts":"2025-01-06 10:35:04.133","msg":"Task Medium-Priority-Task-2 submitted successfully","details":{"level":"INFO","message":"Task Medium-Priority-Task-2 submitted successfully","module":"MainModule","timestamp":"2025-01-06 10:35:04.133"}}
{"level":"INFO","ts":"2025-01-06 10:35:04.133","msg":"Submitting task Low-Priority-Task-1 with priority 1","details":{"level":"INFO","message":"Submitting task Low-Priority-Task-1 with priority 1","module":"MainModule","timestamp":"2025-01-06 10:35:04.133"}}
{"level":"INFO","ts":"2025-01-06 10:35:04.133","msg":"Task Low-Priority-Task-1 submitted successfully","details":{"level":"INFO","message":"Task Low-Priority-Task-1 submitted successfully","module":"MainModule","timestamp":"2025-01-06 10:35:04.133"}}
{"level":"INFO","ts":"2025-01-06 10:35:04.133","msg":"Submitting task Low-Priority-Task-2 with priority 1","details":{"level":"INFO","message":"Submitting task Low-Priority-Task-2 with priority 1","module":"MainModule","timestamp":"2025-01-06 10:35:04.133"}}
{"level":"INFO","ts":"2025-01-06 10:35:04.133","msg":"Task Low-Priority-Task-2 submitted successfully","details":{"level":"INFO","message":"Task Low-Priority-Task-2 submitted successfully","module":"MainModule","timestamp":"2025-01-06 10:35:04.133"}}
{"level":"INFO","ts":"2025-01-06 10:35:04.133","msg":"Starting 5 worker goroutines...","details":{"level":"INFO","message":"Starting 5 worker goroutines...","module":"MainModule","timestamp":"2025-01-06 10:35:04.133"}}
{"level":"INFO","ts":"2025-01-06 10:35:04.134","msg":"5 worker goroutines started","details":{"level":"INFO","message":"5 worker goroutines started","module":"MainModule","timestamp":"2025-01-06 10:35:04.134"}}
{"level":"INFO","ts":"2025-01-06 10:35:04.134","msg":"Shutting down the pool","details":{"level":"INFO","message":"Shutting down the pool","module":"MainModule","timestamp":"2025-01-06 10:35:04.134"}}
{"level":"INFO","ts":"2025-01-06 10:35:04.134","msg":"Pool shutdown detected, worker exiting","details":{"level":"INFO","message":"Pool shutdown detected, worker exiting","module":"MainModule","timestamp":"2025-01-06 10:35:04.134"}}
{"level":"INFO","ts":"2025-01-06 10:35:04.134","msg":"Pool shutdown completed","details":{"level":"INFO","message":"Pool shutdown completed","module":"MainModule","timestamp":"2025-01-06 10:35:04.134"}}
{"level":"ERROR","ts":"2025-01-06 10:35:04.152","msg":"Failed to submit task Sample-Task: this pool has been closed","details":{"file":"C:/Users/jixuping/go/pkg/mod/golang.org/toolchain@v0.0.1-go1.22.10.windows-amd64/src/runtime/asm_amd64.s","level":"ERROR","line":1695,"message":"Failed to submit task Sample-Task: this pool has been closed","module":"MainModule","timestamp":"2025-01-06 10:35:04.152"}}
{"level":"INFO","ts":"2025-01-06 10:35:04.153","msg":"Pool shutdown detected, worker exiting","details":{"level":"INFO","message":"Pool shutdown detected, worker exiting","module":"MainModule","timestamp":"2025-01-06 10:35:04.153"}}
{"level":"ERROR","ts":"2025-01-06 10:35:04.153","msg":"Failed to submit task Sample-Task: this pool has been closed","details":{"file":"C:/Users/jixuping/go/pkg/mod/golang.org/toolchain@v0.0.1-go1.22.10.windows-amd64/src/runtime/asm_amd64.s","level":"ERROR","line":1695,"message":"Failed to submit task Sample-Task: this pool has been closed","module":"MainModule","timestamp":"2025-01-06 10:35:04.153"}}
{"level":"INFO","ts":"2025-01-06 10:35:04.153","msg":"Pool shutdown detected, worker exiting","details":{"level":"INFO","message":"Pool shutdown detected, worker exiting","module":"MainModule","timestamp":"2025-01-06 10:35:04.153"}}
{"level":"ERROR","ts":"2025-01-06 10:35:04.153","msg":"Failed to submit task Sample-Task: this pool has been closed","details":{"file":"C:/Users/jixuping/go/pkg/mod/golang.org/toolchain@v0.0.1-go1.22.10.windows-amd64/src/runtime/asm_amd64.s","level":"ERROR","line":1695,"message":"Failed to submit task Sample-Task: this pool has been closed","module":"MainModule","timestamp":"2025-01-06 10:35:04.153"}}
{"level":"INFO","ts":"2025-01-06 10:35:04.153","msg":"Pool shutdown detected, worker exiting","details":{"level":"INFO","message":"Pool shutdown detected, worker exiting","module":"MainModule","timestamp":"2025-01-06 10:35:04.153"}}
{"level":"ERROR","ts":"2025-01-06 10:35:04.153","msg":"Failed to submit task Sample-Task: this pool has been closed","details":{"file":"C:/Users/jixuping/go/pkg/mod/golang.org/toolchain@v0.0.1-go1.22.10.windows-amd64/src/runtime/asm_amd64.s","level":"ERROR","line":1695,"message":"Failed to submit task Sample-Task: this pool has been closed","module":"MainModule","timestamp":"2025-01-06 10:35:04.153"}}
{"level":"INFO","ts":"2025-01-06 10:35:04.153","msg":"Pool shutdown detected, worker exiting","details":{"level":"INFO","message":"Pool shutdown detected, worker exiting","module":"MainModule","timestamp":"2025-01-06 10:35:04.153"}}
{"level":"INFO","ts":"2025-01-06 10:35:04.153","msg":"Collector has been closed and resources released.","details":{"level":"INFO","message":"Collector has been closed and resources released.","module":"MainModule","timestamp":"2025-01-06 10:35:04.153"}}
